2025-08-16 21:52:57,593 - app.db.database - INFO - connecting to database : db:5432/Buzzler
2025-08-16 21:53:18,894 - app.db.database - INFO - connecting to database : db:5432/Buzzler
2025-08-16 21:53:40,657 - app.db.database - INFO - connecting to database : db:5432/Buzzler
2025-08-16 21:54:47,416 - app.db.database - INFO - connecting to database : db:5432/Buzzler
2025-08-16 21:55:20,838 - app.db.database - INFO - connecting to database : db:5432/Buzzler
2025-08-16 21:55:25,530 - app.db.database - INFO - connecting to database : db:5432/Buzzler
2025-08-16 21:55:35,819 - app.db.database - INFO - connecting to database : db:5432/Buzzler
2025-08-16 21:55:45,551 - app.db.database - INFO - connecting to database : db:5432/Buzzler
2025-08-16 21:56:02,929 - app.db.database - INFO - connecting to database : db:5432/Buzzler
2025-08-16 21:56:04,507 - app.db.database - INFO - connecting to database : db:5432/Buzzler
2025-08-16 21:58:34,472 - app.db.database - INFO - connecting to database : db:5432/Buzzler
2025-08-17 09:04:46,863 - app.db.database - INFO - connecting to database : db:5432/Buzzler
2025-08-17 09:08:15,033 - app.db.database - INFO - connecting to database : db:5432/Buzzler
2025-08-17 09:19:45,233 - app.db.database - INFO - connecting to database : db:5432/Buzzler
2025-08-17 09:42:56,948 - app.db.database - INFO - connecting to database : db:5432/Buzzler
2025-08-17 09:43:15,468 - app.db.database - INFO - connecting to database : db:5432/Buzzler
2025-08-17 09:43:18,023 - app.db.database - INFO - connecting to database : db:5432/Buzzler
2025-08-17 09:43:20,493 - app.db.database - INFO - connecting to database : db:5432/Buzzler
2025-08-17 09:43:23,338 - app.db.database - INFO - connecting to database : db:5432/Buzzler
2025-08-17 09:43:37,542 - app.db.database - INFO - connecting to database : db:5432/Buzzler
2025-08-17 09:44:07,257 - app.db.database - INFO - connecting to database : db:5432/Buzzler
2025-08-17 09:44:37,169 - app.db.database - INFO - connecting to database : db:5432/Buzzler
2025-08-17 09:44:42,592 - app.db.database - INFO - connecting to database : db:5432/Buzzler
2025-08-17 09:44:50,435 - app.db.database - INFO - connecting to database : db:5432/Buzzler
2025-08-17 09:44:53,397 - app.db.database - INFO - connecting to database : db:5432/Buzzler
2025-08-17 09:45:35,406 - app.db.database - INFO - connecting to database : db:5432/Buzzler
2025-08-17 09:45:45,945 - app.db.database - INFO - connecting to database : db:5432/Buzzler
2025-08-17 09:45:52,946 - app.db.database - INFO - connecting to database : db:5432/Buzzler
2025-08-17 09:45:59,068 - app.db.database - INFO - connecting to database : db:5432/Buzzler
2025-08-17 09:52:47,321 - app.db.database - INFO - connecting to database : db:5432/Buzzler
2025-08-17 09:55:12,604 - app.db.database - INFO - connecting to database : db:5432/Buzzler
2025-08-17 09:55:18,856 - app.db.database - INFO - connecting to database : db:5432/Buzzler
2025-08-17 09:56:55,299 - app.db.database - INFO - connecting to database : db:5432/Buzzler
2025-08-17 09:57:05,605 - app.db.database - INFO - connecting to database : db:5432/Buzzler
2025-08-17 10:00:49,495 - app.db.database - INFO - connecting to database : db:5432/Buzzler
2025-08-17 10:20:55,143 - app.db.database - INFO - connecting to database : db:5432/Buzzler
2025-08-17 10:24:38,272 - app.db.database - INFO - connecting to database : db:5432/Buzzler
2025-08-17 10:24:40,128 - app.db.database - INFO - connecting to database : db:5432/Buzzler
2025-08-17 10:24:46,664 - app.db.database - INFO - connecting to database : db:5432/Buzzler
2025-08-17 10:27:36,068 - app.db.database - INFO - connecting to database : db:5432/Buzzler
2025-08-17 10:28:17,473 - app.db.database - INFO - connecting to database : db:5432/Buzzler
2025-08-17 10:28:20,885 - app.db.database - INFO - connecting to database : db:5432/Buzzler
2025-08-17 10:28:41,444 - app.db.database - INFO - connecting to database : db:5432/Buzzler
2025-08-17 10:29:07,689 - app.db.database - INFO - connecting to database : db:5432/Buzzler
2025-08-17 10:29:27,463 - app.db.database - INFO - connecting to database : db:5432/Buzzler
2025-08-17 10:29:39,925 - app.db.database - INFO - connecting to database : db:5432/Buzzler
2025-08-17 10:29:56,595 - app.db.database - INFO - connecting to database : db:5432/Buzzler
2025-08-17 10:30:08,413 - app.db.database - INFO - connecting to database : db:5432/Buzzler
2025-08-17 10:31:51,032 - app.db.database - INFO - connecting to database : db:5432/Buzzler
2025-08-17 10:32:07,006 - app.db.database - INFO - connecting to database : db:5432/Buzzler
2025-08-17 10:33:03,564 - app.db.database - INFO - connecting to database : db:5432/Buzzler
2025-08-17 10:37:03,678 - app.db.database - INFO - connecting to database : db:5432/Buzzler
2025-08-17 10:38:52,533 - app.db.database - INFO - connecting to database : db:5432/Buzzler
2025-08-17 10:39:04,569 - app.db.database - INFO - connecting to database : db:5432/Buzzler
2025-08-17 10:42:45,122 - app.db.database - INFO - connecting to database : db:5432/Buzzler
2025-08-17 10:42:57,485 - app.db.database - INFO - connecting to database : db:5432/Buzzler
2025-08-17 10:44:58,171 - app.db.database - INFO - connecting to database : db:5432/Buzzler
2025-08-17 10:45:10,726 - app.db.database - INFO - connecting to database : db:5432/Buzzler
2025-08-17 10:45:57,286 - app.db.database - INFO - connecting to database : db:5432/Buzzler
2025-08-17 10:46:45,236 - app.db.database - INFO - connecting to database : db:5432/Buzzler
2025-08-17 10:47:19,433 - app.db.database - INFO - connecting to database : db:5432/Buzzler
2025-08-17 10:47:51,393 - app.db.database - INFO - connecting to database : db:5432/Buzzler
2025-08-17 10:48:28,020 - app.db.database - INFO - connecting to database : db:5432/Buzzler
2025-08-17 10:49:23,324 - app.db.database - INFO - connecting to database : db:5432/Buzzler
2025-08-17 10:49:41,852 - app.db.database - INFO - connecting to database : db:5432/Buzzler
2025-08-17 10:49:59,408 - app.db.database - INFO - connecting to database : db:5432/Buzzler
2025-08-17 10:50:34,201 - app.db.database - INFO - connecting to database : db:5432/Buzzler
2025-08-17 10:58:09,315 - app.db.database - INFO - connecting to database : db:5432/Buzzler
2025-08-17 10:58:19,349 - app.db.database - INFO - connecting to database : db:5432/Buzzler
2025-08-17 10:59:24,850 - app.db.database - INFO - connecting to database : db:5432/Buzzler
2025-08-17 11:00:14,557 - app.db.database - INFO - connecting to database : db:5432/Buzzler
2025-08-17 11:01:44,594 - app.db.database - INFO - connecting to database : db:5432/Buzzler
2025-08-17 11:02:36,568 - passlib.handlers.bcrypt - WARNING - (trapped) error reading bcrypt version
Traceback (most recent call last):
  File "/usr/local/lib/python3.11/site-packages/passlib/handlers/bcrypt.py", line 620, in _load_backend_mixin
    version = _bcrypt.__about__.__version__
              ^^^^^^^^^^^^^^^^^
AttributeError: module 'bcrypt' has no attribute '__about__'
2025-08-17 11:18:50,936 - app.db.database - INFO - connecting to database : db:5432/Buzzler
2025-08-17 11:19:56,097 - httpx - INFO - HTTP Request: POST https://oauth2.googleapis.com/token "HTTP/1.1 200 OK"
2025-08-17 11:19:56,425 - httpx - INFO - HTTP Request: GET https://www.googleapis.com/oauth2/v2/userinfo "HTTP/1.1 200 OK"
2025-08-17 11:23:44,658 - app.db.database - INFO - connecting to database : db:5432/Buzzler
2025-08-17 11:23:53,128 - app.db.database - INFO - connecting to database : db:5432/Buzzler
2025-08-17 11:24:02,464 - app.db.database - INFO - connecting to database : db:5432/Buzzler
2025-08-17 11:24:14,764 - app.db.database - INFO - connecting to database : db:5432/Buzzler
2025-08-17 11:26:10,127 - passlib.handlers.bcrypt - WARNING - (trapped) error reading bcrypt version
Traceback (most recent call last):
  File "/usr/local/lib/python3.11/site-packages/passlib/handlers/bcrypt.py", line 620, in _load_backend_mixin
    version = _bcrypt.__about__.__version__
              ^^^^^^^^^^^^^^^^^
AttributeError: module 'bcrypt' has no attribute '__about__'
2025-08-17 11:32:29,837 - app.db.database - INFO - connecting to database : db:5432/Buzzler
2025-08-17 11:32:34,698 - app.db.database - INFO - connecting to database : db:5432/Buzzler
2025-08-17 11:33:54,089 - app.db.database - INFO - connecting to database : db:5432/Buzzler
2025-08-17 11:34:25,187 - passlib.handlers.bcrypt - WARNING - (trapped) error reading bcrypt version
Traceback (most recent call last):
  File "/usr/local/lib/python3.11/site-packages/passlib/handlers/bcrypt.py", line 620, in _load_backend_mixin
    version = _bcrypt.__about__.__version__
              ^^^^^^^^^^^^^^^^^
AttributeError: module 'bcrypt' has no attribute '__about__'
2025-08-17 11:39:19,276 - app.db.database - INFO - connecting to database : db:5432/Buzzler
2025-08-17 11:41:46,436 - passlib.handlers.bcrypt - WARNING - (trapped) error reading bcrypt version
Traceback (most recent call last):
  File "/usr/local/lib/python3.11/site-packages/passlib/handlers/bcrypt.py", line 620, in _load_backend_mixin
    version = _bcrypt.__about__.__version__
              ^^^^^^^^^^^^^^^^^
AttributeError: module 'bcrypt' has no attribute '__about__'
2025-08-17 11:53:48,917 - app.db.database - INFO - connecting to database : db:5432/Buzzler
